13:09:02 INFO  : Registering command handlers for SDK TCF services
13:09:02 INFO  : Launching XSCT server: xsct.bat -interactive C:\Users\ruiz-\EEL4740_FinalProject\EEL4740_FinalProject.sdk\temp_xsdb_launch_script.tcl
13:09:06 INFO  : XSCT server has started successfully.
13:09:09 INFO  : Successfully done setting XSCT server connection channel  
13:09:09 INFO  : Successfully done setting SDK workspace  
13:09:09 INFO  : Processing command line option -hwspec C:/Users/ruiz-/EEL4740_FinalProject/EEL4740_FinalProject.sdk/system_wrapper.hdf.
13:10:41 INFO  : Connected to target on host '127.0.0.1' and port '3121'.
13:10:42 INFO  : 'targets -set -filter {jtag_cable_name =~ "Digilent Zybo Z7 210351AD6B8EA" && level==0} -index 1' command is executed.
13:10:44 INFO  : FPGA configured successfully with bitstream "C:/Users/ruiz-/EEL4740_FinalProject/EEL4740_FinalProject.sdk/system_wrapper_hw_platform_0/system_wrapper.bit"
13:11:07 INFO  : Connected to target on host '127.0.0.1' and port '3121'.
13:11:07 INFO  : 'targets -set -filter {jtag_cable_name =~ "Digilent Zybo Z7 210351AD6B8EA" && level==0} -index 1' command is executed.
13:11:09 INFO  : FPGA configured successfully with bitstream "C:/Users/ruiz-/EEL4740_FinalProject/EEL4740_FinalProject.sdk/system_wrapper_hw_platform_0/system_wrapper.bit"
13:11:16 WARN  : Given IPC port value is invalid. Using default port 2350
13:11:16 WARN  : Given XMD timeout value is invalid. Using default value of 50000
13:11:22 WARN  : Given XMD transaction timeout value is invalid. Using default value of 60000 milli seconds
13:11:22 WARN  : Given XMD transaction timeout value is invalid. Using default value of 60000 milli seconds
13:11:25 WARN  : Given XMD transaction timeout value is invalid. Using default value of 60000 milli seconds
13:11:25 WARN  : Given XMD transaction timeout value is invalid. Using default value of 60000 milli seconds
13:11:25 WARN  : Given XMD transaction timeout value is invalid. Using default value of 60000 milli seconds
13:11:25 WARN  : Given XMD transaction timeout value is invalid. Using default value of 60000 milli seconds
13:11:25 WARN  : Given XMD transaction timeout value is invalid. Using default value of 60000 milli seconds
13:11:26 WARN  : Given XMD transaction timeout value is invalid. Using default value of 60000 milli seconds
13:11:26 WARN  : Given XMD transaction timeout value is invalid. Using default value of 60000 milli seconds
13:11:26 INFO  : ps7_init is completed.
13:11:26 WARN  : Given XMD transaction timeout value is invalid. Using default value of 60000 milli seconds
13:11:26 INFO  : ps7_post_config is completed.
13:11:26 WARN  : Given XMD transaction timeout value is invalid. Using default value of 60000 milli seconds
13:11:26 WARN  : Given XMD transaction timeout value is invalid. Using default value of 60000 milli seconds
13:11:27 INFO  : Processor reset is completed for ps7_cortexa9_0
13:11:27 WARN  : Given XMD transaction timeout value is invalid. Using default value of 60000 milli seconds
13:11:27 WARN  : Given XMD transaction timeout value is invalid. Using default value of 60000 milli seconds
13:11:27 WARN  : Given XMD transaction timeout value is invalid. Using default value of 60000 milli seconds
13:11:27 WARN  : Given XMD transaction timeout value is invalid. Using default value of 60000 milli seconds
13:11:27 WARN  : Given XMD transaction timeout value is invalid. Using default value of 60000 milli seconds
13:11:27 WARN  : Given XMD transaction timeout value is invalid. Using default value of 60000 milli seconds
13:12:35 INFO  : Connected to target on host '127.0.0.1' and port '3121'.
13:12:35 INFO  : 'targets -set -filter {jtag_cable_name =~ "Digilent Zybo Z7 210351AD6B8EA" && level==0} -index 1' command is executed.
13:12:37 INFO  : FPGA configured successfully with bitstream "C:/Users/ruiz-/EEL4740_FinalProject/EEL4740_FinalProject.sdk/system_wrapper_hw_platform_0/system_wrapper.bit"
13:12:44 WARN  : Given XMD transaction timeout value is invalid. Using default value of 60000 milli seconds
13:12:44 INFO  : ps7_cortexa9_0 Processor is in use. Please stop existing Run or Debug sessions before launching.
13:12:45 WARN  : Given XMD transaction timeout value is invalid. Using default value of 60000 milli seconds
13:12:45 WARN  : Given XMD transaction timeout value is invalid. Using default value of 60000 milli seconds
13:12:45 WARN  : Given XMD transaction timeout value is invalid. Using default value of 60000 milli seconds
13:12:45 WARN  : Given XMD transaction timeout value is invalid. Using default value of 60000 milli seconds
13:12:45 WARN  : Given XMD transaction timeout value is invalid. Using default value of 60000 milli seconds
13:12:45 INFO  : Processor reset is completed for ps7_cortexa9_0
13:12:46 WARN  : Given XMD transaction timeout value is invalid. Using default value of 60000 milli seconds
13:12:46 WARN  : Given XMD transaction timeout value is invalid. Using default value of 60000 milli seconds
13:12:46 WARN  : Given XMD transaction timeout value is invalid. Using default value of 60000 milli seconds
13:12:46 WARN  : Given XMD transaction timeout value is invalid. Using default value of 60000 milli seconds
13:12:46 WARN  : Given XMD transaction timeout value is invalid. Using default value of 60000 milli seconds
13:12:46 WARN  : Given XMD transaction timeout value is invalid. Using default value of 60000 milli seconds
13:20:14 WARN  : Given XMD transaction timeout value is invalid. Using default value of 60000 milli seconds
13:20:15 WARN  : Given XMD transaction timeout value is invalid. Using default value of 60000 milli seconds
13:20:15 WARN  : Given XMD transaction timeout value is invalid. Using default value of 60000 milli seconds
13:20:15 ERROR : Unexpected error while parsing XMD response ?: com.google.gson.JsonSyntaxException: com.google.gson.stream.MalformedJsonException: invalid number or unquoted string near 
13:23:30 INFO  : Registering command handlers for SDK TCF services
13:23:31 INFO  : Launching XSCT server: xsct.bat -interactive C:\Users\ruiz-\EEL4740_FinalProject\EEL4740_FinalProject.sdk\temp_xsdb_launch_script.tcl
13:23:33 INFO  : XSCT server has started successfully.
13:23:33 INFO  : Successfully done setting XSCT server connection channel  
13:23:33 INFO  : Successfully done setting SDK workspace  
13:23:33 INFO  : Processing command line option -hwspec C:/Users/ruiz-/EEL4740_FinalProject/EEL4740_FinalProject.sdk/system_wrapper.hdf.
13:23:33 INFO  : Checking for hwspec changes in the project system_wrapper_hw_platform_0.
13:24:50 INFO  : Connected to target on host '127.0.0.1' and port '3121'.
13:24:50 INFO  : 'targets -set -filter {jtag_cable_name =~ "Digilent Zybo Z7 210351AD6B8EA" && level==0} -index 1' command is executed.
13:24:53 INFO  : FPGA configured successfully with bitstream "C:/Users/ruiz-/EEL4740_FinalProject/EEL4740_FinalProject.sdk/system_wrapper_hw_platform_0/system_wrapper.bit"
13:25:03 WARN  : Given IPC port value is invalid. Using default port 2350
13:25:03 WARN  : Given XMD timeout value is invalid. Using default value of 50000
13:25:11 WARN  : Given XMD transaction timeout value is invalid. Using default value of 60000 milli seconds
13:25:11 WARN  : Given XMD transaction timeout value is invalid. Using default value of 60000 milli seconds
13:25:15 WARN  : Given XMD transaction timeout value is invalid. Using default value of 60000 milli seconds
13:25:15 WARN  : Given XMD transaction timeout value is invalid. Using default value of 60000 milli seconds
13:25:16 WARN  : Given XMD transaction timeout value is invalid. Using default value of 60000 milli seconds
13:25:16 WARN  : Given XMD transaction timeout value is invalid. Using default value of 60000 milli seconds
13:25:16 WARN  : Given XMD transaction timeout value is invalid. Using default value of 60000 milli seconds
13:25:16 WARN  : Given XMD transaction timeout value is invalid. Using default value of 60000 milli seconds
13:25:16 WARN  : Given XMD transaction timeout value is invalid. Using default value of 60000 milli seconds
13:25:16 INFO  : Processor reset is completed for ps7_cortexa9_0
13:25:16 WARN  : Given XMD transaction timeout value is invalid. Using default value of 60000 milli seconds
13:25:16 WARN  : Given XMD transaction timeout value is invalid. Using default value of 60000 milli seconds
13:25:16 WARN  : Given XMD transaction timeout value is invalid. Using default value of 60000 milli seconds
13:25:17 WARN  : Given XMD transaction timeout value is invalid. Using default value of 60000 milli seconds
13:25:17 WARN  : Given XMD transaction timeout value is invalid. Using default value of 60000 milli seconds
13:25:17 WARN  : Given XMD transaction timeout value is invalid. Using default value of 60000 milli seconds
13:38:51 WARN  : Given XMD transaction timeout value is invalid. Using default value of 60000 milli seconds
13:38:51 INFO  : ps7_cortexa9_0 Processor is in use. Please stop existing Run or Debug sessions before launching.
13:38:56 WARN  : Given XMD transaction timeout value is invalid. Using default value of 60000 milli seconds
13:38:56 WARN  : Given XMD transaction timeout value is invalid. Using default value of 60000 milli seconds
13:38:56 WARN  : Given XMD transaction timeout value is invalid. Using default value of 60000 milli seconds
13:38:56 WARN  : Given XMD transaction timeout value is invalid. Using default value of 60000 milli seconds
13:38:56 WARN  : Given XMD transaction timeout value is invalid. Using default value of 60000 milli seconds
13:38:56 INFO  : Processor reset is completed for ps7_cortexa9_0
13:38:57 WARN  : Given XMD transaction timeout value is invalid. Using default value of 60000 milli seconds
13:38:57 WARN  : Given XMD transaction timeout value is invalid. Using default value of 60000 milli seconds
13:38:57 WARN  : Given XMD transaction timeout value is invalid. Using default value of 60000 milli seconds
13:38:57 WARN  : Given XMD transaction timeout value is invalid. Using default value of 60000 milli seconds
13:38:57 WARN  : Given XMD transaction timeout value is invalid. Using default value of 60000 milli seconds
13:38:57 WARN  : Given XMD transaction timeout value is invalid. Using default value of 60000 milli seconds
13:55:56 INFO  : Connected to target on host '127.0.0.1' and port '3121'.
13:55:56 INFO  : 'targets -set -filter {jtag_cable_name =~ "Digilent Zybo Z7 210351AD6B8EA" && level==0} -index 1' command is executed.
13:55:58 INFO  : FPGA configured successfully with bitstream "C:/Users/ruiz-/EEL4740_FinalProject/EEL4740_FinalProject.sdk/system_wrapper_hw_platform_0/system_wrapper.bit"
13:56:05 WARN  : Given XMD transaction timeout value is invalid. Using default value of 60000 milli seconds
13:56:05 INFO  : ps7_cortexa9_0 Processor is in use. Please stop existing Run or Debug sessions before launching.
13:56:07 WARN  : Given XMD transaction timeout value is invalid. Using default value of 60000 milli seconds
13:56:07 WARN  : Given XMD transaction timeout value is invalid. Using default value of 60000 milli seconds
13:56:08 WARN  : Given XMD transaction timeout value is invalid. Using default value of 60000 milli seconds
13:56:08 WARN  : Given XMD transaction timeout value is invalid. Using default value of 60000 milli seconds
13:56:08 WARN  : Given XMD transaction timeout value is invalid. Using default value of 60000 milli seconds
13:56:08 INFO  : Processor reset is completed for ps7_cortexa9_0
13:56:08 WARN  : Given XMD transaction timeout value is invalid. Using default value of 60000 milli seconds
13:56:08 WARN  : Given XMD transaction timeout value is invalid. Using default value of 60000 milli seconds
13:56:08 WARN  : Given XMD transaction timeout value is invalid. Using default value of 60000 milli seconds
13:56:08 WARN  : Given XMD transaction timeout value is invalid. Using default value of 60000 milli seconds
13:56:09 WARN  : Given XMD transaction timeout value is invalid. Using default value of 60000 milli seconds
13:56:09 WARN  : Given XMD transaction timeout value is invalid. Using default value of 60000 milli seconds
13:57:27 INFO  : Connected to target on host '127.0.0.1' and port '3121'.
13:57:27 INFO  : 'targets -set -filter {jtag_cable_name =~ "Digilent Zybo Z7 210351AD6B8EA" && level==0} -index 1' command is executed.
13:57:29 INFO  : FPGA configured successfully with bitstream "C:/Users/ruiz-/EEL4740_FinalProject/EEL4740_FinalProject.sdk/system_wrapper_hw_platform_0/system_wrapper.bit"
13:57:35 WARN  : Given XMD transaction timeout value is invalid. Using default value of 60000 milli seconds
13:57:35 INFO  : ps7_cortexa9_0 Processor is in use. Please stop existing Run or Debug sessions before launching.
13:57:37 WARN  : Given XMD transaction timeout value is invalid. Using default value of 60000 milli seconds
13:57:37 WARN  : Given XMD transaction timeout value is invalid. Using default value of 60000 milli seconds
13:57:37 WARN  : Given XMD transaction timeout value is invalid. Using default value of 60000 milli seconds
13:57:38 WARN  : Given XMD transaction timeout value is invalid. Using default value of 60000 milli seconds
13:57:38 WARN  : Given XMD transaction timeout value is invalid. Using default value of 60000 milli seconds
13:57:38 INFO  : Processor reset is completed for ps7_cortexa9_0
13:57:38 WARN  : Given XMD transaction timeout value is invalid. Using default value of 60000 milli seconds
13:57:38 WARN  : Given XMD transaction timeout value is invalid. Using default value of 60000 milli seconds
13:57:38 WARN  : Given XMD transaction timeout value is invalid. Using default value of 60000 milli seconds
13:57:38 WARN  : Given XMD transaction timeout value is invalid. Using default value of 60000 milli seconds
13:57:38 WARN  : Given XMD transaction timeout value is invalid. Using default value of 60000 milli seconds
13:57:39 WARN  : Given XMD transaction timeout value is invalid. Using default value of 60000 milli seconds
13:59:14 INFO  : Connected to target on host '127.0.0.1' and port '3121'.
13:59:14 INFO  : 'targets -set -filter {jtag_cable_name =~ "Digilent Zybo Z7 210351AD6B8EA" && level==0} -index 1' command is executed.
13:59:17 INFO  : FPGA configured successfully with bitstream "C:/Users/ruiz-/EEL4740_FinalProject/EEL4740_FinalProject.sdk/system_wrapper_hw_platform_0/system_wrapper.bit"
13:59:26 WARN  : Given XMD transaction timeout value is invalid. Using default value of 60000 milli seconds
13:59:26 INFO  : ps7_cortexa9_0 Processor is in use. Please stop existing Run or Debug sessions before launching.
13:59:29 WARN  : Given XMD transaction timeout value is invalid. Using default value of 60000 milli seconds
13:59:29 WARN  : Given XMD transaction timeout value is invalid. Using default value of 60000 milli seconds
13:59:29 WARN  : Given XMD transaction timeout value is invalid. Using default value of 60000 milli seconds
13:59:29 WARN  : Given XMD transaction timeout value is invalid. Using default value of 60000 milli seconds
13:59:29 WARN  : Given XMD transaction timeout value is invalid. Using default value of 60000 milli seconds
13:59:29 INFO  : Processor reset is completed for ps7_cortexa9_0
13:59:29 WARN  : Given XMD transaction timeout value is invalid. Using default value of 60000 milli seconds
13:59:29 WARN  : Given XMD transaction timeout value is invalid. Using default value of 60000 milli seconds
13:59:29 WARN  : Given XMD transaction timeout value is invalid. Using default value of 60000 milli seconds
13:59:29 WARN  : Given XMD transaction timeout value is invalid. Using default value of 60000 milli seconds
13:59:30 WARN  : Given XMD transaction timeout value is invalid. Using default value of 60000 milli seconds
13:59:30 WARN  : Given XMD transaction timeout value is invalid. Using default value of 60000 milli seconds
14:00:57 INFO  : Connected to target on host '127.0.0.1' and port '3121'.
14:00:57 INFO  : 'targets -set -filter {jtag_cable_name =~ "Digilent Zybo Z7 210351AD6B8EA" && level==0} -index 1' command is executed.
14:01:00 INFO  : FPGA configured successfully with bitstream "C:/Users/ruiz-/EEL4740_FinalProject/EEL4740_FinalProject.sdk/system_wrapper_hw_platform_0/system_wrapper.bit"
14:01:04 WARN  : Given XMD transaction timeout value is invalid. Using default value of 60000 milli seconds
14:01:04 INFO  : ps7_cortexa9_0 Processor is in use. Please stop existing Run or Debug sessions before launching.
14:03:31 WARN  : Given XMD transaction timeout value is invalid. Using default value of 60000 milli seconds
14:03:31 WARN  : Given XMD transaction timeout value is invalid. Using default value of 60000 milli seconds
14:03:31 WARN  : Given XMD transaction timeout value is invalid. Using default value of 60000 milli seconds
14:03:31 WARN  : Given XMD transaction timeout value is invalid. Using default value of 60000 milli seconds
14:03:32 WARN  : Given XMD transaction timeout value is invalid. Using default value of 60000 milli seconds
14:03:32 INFO  : Processor reset is completed for ps7_cortexa9_0
14:03:32 WARN  : Given XMD transaction timeout value is invalid. Using default value of 60000 milli seconds
14:03:32 WARN  : Given XMD transaction timeout value is invalid. Using default value of 60000 milli seconds
14:03:32 WARN  : Given XMD transaction timeout value is invalid. Using default value of 60000 milli seconds
14:03:32 WARN  : Given XMD transaction timeout value is invalid. Using default value of 60000 milli seconds
14:03:32 WARN  : Given XMD transaction timeout value is invalid. Using default value of 60000 milli seconds
14:03:32 WARN  : Given XMD transaction timeout value is invalid. Using default value of 60000 milli seconds
14:05:39 INFO  : Connected to target on host '127.0.0.1' and port '3121'.
14:05:39 INFO  : 'targets -set -filter {jtag_cable_name =~ "Digilent Zybo Z7 210351AD6B8EA" && level==0} -index 1' command is executed.
14:05:41 INFO  : FPGA configured successfully with bitstream "C:/Users/ruiz-/EEL4740_FinalProject/EEL4740_FinalProject.sdk/system_wrapper_hw_platform_0/system_wrapper.bit"
14:05:46 WARN  : Given XMD transaction timeout value is invalid. Using default value of 60000 milli seconds
14:05:46 INFO  : ps7_cortexa9_0 Processor is in use. Please stop existing Run or Debug sessions before launching.
14:05:49 WARN  : Given XMD transaction timeout value is invalid. Using default value of 60000 milli seconds
14:05:49 WARN  : Given XMD transaction timeout value is invalid. Using default value of 60000 milli seconds
14:05:49 WARN  : Given XMD transaction timeout value is invalid. Using default value of 60000 milli seconds
14:05:49 WARN  : Given XMD transaction timeout value is invalid. Using default value of 60000 milli seconds
14:05:49 WARN  : Given XMD transaction timeout value is invalid. Using default value of 60000 milli seconds
14:05:49 INFO  : Processor reset is completed for ps7_cortexa9_0
14:05:49 WARN  : Given XMD transaction timeout value is invalid. Using default value of 60000 milli seconds
14:05:50 WARN  : Given XMD transaction timeout value is invalid. Using default value of 60000 milli seconds
14:05:50 WARN  : Given XMD transaction timeout value is invalid. Using default value of 60000 milli seconds
14:05:50 WARN  : Given XMD transaction timeout value is invalid. Using default value of 60000 milli seconds
14:05:50 WARN  : Given XMD transaction timeout value is invalid. Using default value of 60000 milli seconds
14:05:50 WARN  : Given XMD transaction timeout value is invalid. Using default value of 60000 milli seconds
14:07:08 WARN  : Given XMD transaction timeout value is invalid. Using default value of 60000 milli seconds
14:07:08 WARN  : Given XMD transaction timeout value is invalid. Using default value of 60000 milli seconds
14:07:08 WARN  : Given XMD transaction timeout value is invalid. Using default value of 60000 milli seconds
14:37:49 INFO  : Connected to target on host '127.0.0.1' and port '3121'.
14:37:49 INFO  : 'targets -set -filter {jtag_cable_name =~ "Digilent Zybo Z7 210351AD6B8EA" && level==0} -index 1' command is executed.
14:37:51 INFO  : FPGA configured successfully with bitstream "C:/Users/ruiz-/EEL4740_FinalProject/EEL4740_FinalProject.sdk/system_wrapper_hw_platform_0/system_wrapper.bit"
14:37:57 WARN  : Given XMD transaction timeout value is invalid. Using default value of 60000 milli seconds
14:37:57 WARN  : Given XMD transaction timeout value is invalid. Using default value of 60000 milli seconds
14:37:57 WARN  : Given XMD transaction timeout value is invalid. Using default value of 60000 milli seconds
14:37:57 WARN  : Given XMD transaction timeout value is invalid. Using default value of 60000 milli seconds
14:37:57 WARN  : Given XMD transaction timeout value is invalid. Using default value of 60000 milli seconds
14:37:57 WARN  : Given XMD transaction timeout value is invalid. Using default value of 60000 milli seconds
14:37:58 WARN  : Given XMD transaction timeout value is invalid. Using default value of 60000 milli seconds
14:37:58 INFO  : Processor reset is completed for ps7_cortexa9_0
14:37:58 WARN  : Given XMD transaction timeout value is invalid. Using default value of 60000 milli seconds
14:37:58 WARN  : Given XMD transaction timeout value is invalid. Using default value of 60000 milli seconds
14:37:58 WARN  : Given XMD transaction timeout value is invalid. Using default value of 60000 milli seconds
14:37:58 WARN  : Given XMD transaction timeout value is invalid. Using default value of 60000 milli seconds
14:37:58 WARN  : Given XMD transaction timeout value is invalid. Using default value of 60000 milli seconds
14:37:58 WARN  : Given XMD transaction timeout value is invalid. Using default value of 60000 milli seconds
14:41:46 INFO  : Connected to target on host '127.0.0.1' and port '3121'.
14:41:46 INFO  : 'targets -set -filter {jtag_cable_name =~ "Digilent Zybo Z7 210351AD6B8EA" && level==0} -index 1' command is executed.
14:41:49 INFO  : FPGA configured successfully with bitstream "C:/Users/ruiz-/EEL4740_FinalProject/EEL4740_FinalProject.sdk/system_wrapper_hw_platform_0/system_wrapper.bit"
14:42:04 WARN  : Given XMD transaction timeout value is invalid. Using default value of 60000 milli seconds
14:42:04 INFO  : ps7_cortexa9_0 Processor is in use. Please stop existing Run or Debug sessions before launching.
14:42:06 WARN  : Given XMD transaction timeout value is invalid. Using default value of 60000 milli seconds
14:42:06 WARN  : Given XMD transaction timeout value is invalid. Using default value of 60000 milli seconds
14:42:07 WARN  : Given XMD transaction timeout value is invalid. Using default value of 60000 milli seconds
14:42:07 WARN  : Given XMD transaction timeout value is invalid. Using default value of 60000 milli seconds
14:42:07 WARN  : Given XMD transaction timeout value is invalid. Using default value of 60000 milli seconds
14:42:07 INFO  : Processor reset is completed for ps7_cortexa9_0
14:42:07 WARN  : Given XMD transaction timeout value is invalid. Using default value of 60000 milli seconds
14:42:07 WARN  : Given XMD transaction timeout value is invalid. Using default value of 60000 milli seconds
14:42:07 WARN  : Given XMD transaction timeout value is invalid. Using default value of 60000 milli seconds
14:42:07 WARN  : Given XMD transaction timeout value is invalid. Using default value of 60000 milli seconds
14:42:07 WARN  : Given XMD transaction timeout value is invalid. Using default value of 60000 milli seconds
14:42:07 WARN  : Given XMD transaction timeout value is invalid. Using default value of 60000 milli seconds
14:49:32 INFO  : Connected to target on host '127.0.0.1' and port '3121'.
14:49:32 INFO  : 'targets -set -filter {jtag_cable_name =~ "Digilent Zybo Z7 210351AD6B8EA" && level==0} -index 1' command is executed.
14:49:34 INFO  : FPGA configured successfully with bitstream "C:/Users/ruiz-/EEL4740_FinalProject/EEL4740_FinalProject.sdk/system_wrapper_hw_platform_0/system_wrapper.bit"
14:49:38 WARN  : Given XMD transaction timeout value is invalid. Using default value of 60000 milli seconds
14:49:38 INFO  : ps7_cortexa9_0 Processor is in use. Please stop existing Run or Debug sessions before launching.
14:49:41 WARN  : Given XMD transaction timeout value is invalid. Using default value of 60000 milli seconds
14:49:41 WARN  : Given XMD transaction timeout value is invalid. Using default value of 60000 milli seconds
14:49:41 WARN  : Given XMD transaction timeout value is invalid. Using default value of 60000 milli seconds
14:49:41 WARN  : Given XMD transaction timeout value is invalid. Using default value of 60000 milli seconds
14:49:41 WARN  : Given XMD transaction timeout value is invalid. Using default value of 60000 milli seconds
14:49:42 INFO  : Processor reset is completed for ps7_cortexa9_0
14:49:42 WARN  : Given XMD transaction timeout value is invalid. Using default value of 60000 milli seconds
14:49:42 WARN  : Given XMD transaction timeout value is invalid. Using default value of 60000 milli seconds
14:49:42 WARN  : Given XMD transaction timeout value is invalid. Using default value of 60000 milli seconds
14:49:42 WARN  : Given XMD transaction timeout value is invalid. Using default value of 60000 milli seconds
14:49:42 WARN  : Given XMD transaction timeout value is invalid. Using default value of 60000 milli seconds
14:49:42 WARN  : Given XMD transaction timeout value is invalid. Using default value of 60000 milli seconds
14:52:20 INFO  : Connected to target on host '127.0.0.1' and port '3121'.
14:52:20 INFO  : 'targets -set -filter {jtag_cable_name =~ "Digilent Zybo Z7 210351AD6B8EA" && level==0} -index 1' command is executed.
14:52:22 INFO  : FPGA configured successfully with bitstream "C:/Users/ruiz-/EEL4740_FinalProject/EEL4740_FinalProject.sdk/system_wrapper_hw_platform_0/system_wrapper.bit"
14:52:29 WARN  : Given XMD transaction timeout value is invalid. Using default value of 60000 milli seconds
14:52:29 INFO  : ps7_cortexa9_0 Processor is in use. Please stop existing Run or Debug sessions before launching.
14:52:32 WARN  : Given XMD transaction timeout value is invalid. Using default value of 60000 milli seconds
14:52:32 WARN  : Given XMD transaction timeout value is invalid. Using default value of 60000 milli seconds
14:52:32 WARN  : Given XMD transaction timeout value is invalid. Using default value of 60000 milli seconds
14:52:32 WARN  : Given XMD transaction timeout value is invalid. Using default value of 60000 milli seconds
14:52:32 WARN  : Given XMD transaction timeout value is invalid. Using default value of 60000 milli seconds
14:52:32 INFO  : Processor reset is completed for ps7_cortexa9_0
14:52:32 WARN  : Given XMD transaction timeout value is invalid. Using default value of 60000 milli seconds
14:52:32 WARN  : Given XMD transaction timeout value is invalid. Using default value of 60000 milli seconds
14:52:32 WARN  : Given XMD transaction timeout value is invalid. Using default value of 60000 milli seconds
14:52:32 WARN  : Given XMD transaction timeout value is invalid. Using default value of 60000 milli seconds
14:52:33 WARN  : Given XMD transaction timeout value is invalid. Using default value of 60000 milli seconds
14:52:33 WARN  : Given XMD transaction timeout value is invalid. Using default value of 60000 milli seconds
14:53:52 WARN  : Given XMD transaction timeout value is invalid. Using default value of 60000 milli seconds
14:53:52 WARN  : Given XMD transaction timeout value is invalid. Using default value of 60000 milli seconds
14:53:52 WARN  : Given XMD transaction timeout value is invalid. Using default value of 60000 milli seconds
