#-----------------------------------------------------------
# Vivado v2017.4 (64-bit)
# SW Build 2086221 on Fri Dec 15 20:55:39 MST 2017
# IP Build 2085800 on Fri Dec 15 22:25:07 MST 2017
# Start of session at: Tue Nov 21 21:13:54 2023
# Process ID: 30352
# Current directory: C:/Users/ruiz-/EEL4740_FinalProject
# Command line: vivado.exe -gui_launcher_event rodinguilauncherevent2368 C:\Users\ruiz-\EEL4740_FinalProject\EEL4740_FinalProject.xpr
# Log file: C:/Users/ruiz-/EEL4740_FinalProject/vivado.log
# Journal file: C:/Users/ruiz-/EEL4740_FinalProject\vivado.jou
#-----------------------------------------------------------
start_gui
open_project C:/Users/ruiz-/EEL4740_FinalProject/EEL4740_FinalProject.xpr
Scanning sources...
Finished scanning sources
INFO: [IP_Flow 19-234] Refreshing IP repositories
INFO: [IP_Flow 19-1700] Loaded user IP repository 'c:/Users/ruiz-/EEL4740_FinalProject/led_ip'.
INFO: [IP_Flow 19-2313] Loaded Vivado IP repository 'C:/Xilinx/Vivado/2017.4/data/ip'.
open_project: Time (s): cpu = 00:00:13 ; elapsed = 00:00:08 . Memory (MB): peak = 897.797 ; gain = 143.840
update_compile_order -fileset sources_1
launch_sdk -workspace C:/Users/ruiz-/EEL4740_FinalProject/EEL4740_FinalProject.sdk -hwspec C:/Users/ruiz-/EEL4740_FinalProject/EEL4740_FinalProject.sdk/system_wrapper.hdf
INFO: [Vivado 12-393] Launching SDK...
INFO: [Vivado 12-417] Running xsdk -workspace C:/Users/ruiz-/EEL4740_FinalProject/EEL4740_FinalProject.sdk -hwspec C:/Users/ruiz-/EEL4740_FinalProject/EEL4740_FinalProject.sdk/system_wrapper.hdf
INFO: [Vivado 12-3157] SDK launch initiated. Please check console for any further messages.
open_bd_design {C:/Users/ruiz-/EEL4740_FinalProject/EEL4740_FinalProject.srcs/sources_1/bd/system/system.bd}
Adding cell -- xilinx.com:ip:processing_system7:5.5 - processing_system7_0
Adding cell -- xilinx.com:ip:axi_gpio:2.0 - switches
Adding cell -- xilinx.com:ip:proc_sys_reset:5.0 - rst_ps7_0_100M
Adding cell -- xilinx.com:ip:axi_gpio:2.0 - buttons
Adding cell -- xilinx.com:user:led_ip:1.0 - led_ip
Adding cell -- xilinx.com:ip:axi_bram_ctrl:4.0 - axi_bram_ctrl_0
Adding cell -- xilinx.com:ip:blk_mem_gen:8.4 - axi_bram_ctrl_0_bram
Adding cell -- xilinx.com:ip:axi_gpio:2.0 - axi_gpio_0
Adding cell -- xilinx.com:ip:axi_crossbar:2.1 - xbar
Adding cell -- xilinx.com:ip:axi_protocol_converter:2.1 - auto_pc
Adding cell -- xilinx.com:ip:axi_protocol_converter:2.1 - auto_pc
Adding cell -- xilinx.com:ip:axi_protocol_converter:2.1 - auto_pc
Adding cell -- xilinx.com:ip:axi_protocol_converter:2.1 - auto_pc
Adding cell -- xilinx.com:ip:axi_protocol_converter:2.1 - auto_pc
Successfully read diagram <system> from BD file <C:/Users/ruiz-/EEL4740_FinalProject/EEL4740_FinalProject.srcs/sources_1/bd/system/system.bd>
open_bd_design: Time (s): cpu = 00:00:06 ; elapsed = 00:00:06 . Memory (MB): peak = 996.953 ; gain = 64.902
file copy -force C:/Users/ruiz-/EEL4740_FinalProject/EEL4740_FinalProject.runs/impl_1/system_wrapper.sysdef C:/Users/ruiz-/EEL4740_FinalProject/EEL4740_FinalProject.sdk/system_wrapper.hdf

launch_sdk -workspace C:/Users/ruiz-/EEL4740_FinalProject/EEL4740_FinalProject.sdk -hwspec C:/Users/ruiz-/EEL4740_FinalProject/EEL4740_FinalProject.sdk/system_wrapper.hdf
INFO: [Vivado 12-393] Launching SDK...
INFO: [Vivado 12-417] Running xsdk -workspace C:/Users/ruiz-/EEL4740_FinalProject/EEL4740_FinalProject.sdk -hwspec C:/Users/ruiz-/EEL4740_FinalProject/EEL4740_FinalProject.sdk/system_wrapper.hdf
INFO: [Vivado 12-3157] SDK launch initiated. Please check console for any further messages.
launch_sdk -workspace C:/Users/ruiz-/EEL4740_FinalProject/EEL4740_FinalProject.sdk -hwspec C:/Users/ruiz-/EEL4740_FinalProject/EEL4740_FinalProject.sdk/system_wrapper.hdf
INFO: [Vivado 12-393] Launching SDK...
INFO: [Vivado 12-417] Running xsdk -workspace C:/Users/ruiz-/EEL4740_FinalProject/EEL4740_FinalProject.sdk -hwspec C:/Users/ruiz-/EEL4740_FinalProject/EEL4740_FinalProject.sdk/system_wrapper.hdf
INFO: [Vivado 12-3157] SDK launch initiated. Please check console for any further messages.
validate_bd_design -force
WARNING: [BD 41-1771] Block interface /switches/GPIO has associated board param 'GPIO_BOARD_INTERFACE', which is set to board part interface 'sws_4bits'. This interface is connected to an external interface /switches, whose name 'switches' does not match with the board interface name 'sws_4bits'.
This is a visual-only issue - this interface /switches/GPIO will be connected to board interface 'sws_4bits'. If desired, please change the name of this port /switches manually.
validate_bd_design: Time (s): cpu = 00:00:06 ; elapsed = 00:00:06 . Memory (MB): peak = 1061.922 ; gain = 23.336
save_bd_design
Wrote  : <C:/Users/ruiz-/EEL4740_FinalProject/EEL4740_FinalProject.srcs/sources_1/bd/system/system.bd> 
Wrote  : <C:/Users/ruiz-/EEL4740_FinalProject/EEL4740_FinalProject.srcs/sources_1/bd/system/ui/bd_c954508f.ui> 
reset_run synth_1
launch_runs synth_1 -jobs 8
INFO: [BD 41-1662] The design 'system.bd' is already validated. Therefore parameter propagation will not be re-run.
WARNING: [BD 41-1771] Block interface /switches/GPIO has associated board param 'GPIO_BOARD_INTERFACE', which is set to board part interface 'sws_4bits'. This interface is connected to an external interface /switches, whose name 'switches' does not match with the board interface name 'sws_4bits'.
This is a visual-only issue - this interface /switches/GPIO will be connected to board interface 'sws_4bits'. If desired, please change the name of this port /switches manually.
WARNING: [BD 41-235] Width mismatch when connecting pin: '/axi_bram_ctrl_0_bram/addra'(32) to net 'axi_bram_ctrl_0_BRAM_PORTA_ADDR'(13) - Only lower order bits will be connected.
VHDL Output written to : C:/Users/ruiz-/EEL4740_FinalProject/EEL4740_FinalProject.srcs/sources_1/bd/system/synth/system.vhd
WARNING: [BD 41-235] Width mismatch when connecting pin: '/axi_bram_ctrl_0_bram/addra'(32) to net 'axi_bram_ctrl_0_BRAM_PORTA_ADDR'(13) - Only lower order bits will be connected.
VHDL Output written to : C:/Users/ruiz-/EEL4740_FinalProject/EEL4740_FinalProject.srcs/sources_1/bd/system/sim/system.vhd
VHDL Output written to : C:/Users/ruiz-/EEL4740_FinalProject/EEL4740_FinalProject.srcs/sources_1/bd/system/hdl/system_wrapper.vhd
INFO: [BD 41-1029] Generation completed for the IP Integrator block processing_system7_0 .
INFO: [BD 41-1029] Generation completed for the IP Integrator block switches .
INFO: [BD 41-1029] Generation completed for the IP Integrator block rst_ps7_0_100M .
INFO: [BD 41-1029] Generation completed for the IP Integrator block buttons .
INFO: [BD 41-1029] Generation completed for the IP Integrator block ps7_0_axi_periph/xbar .
INFO: [BD 41-1029] Generation completed for the IP Integrator block led_ip .
INFO: [BD 41-1029] Generation completed for the IP Integrator block axi_bram_ctrl_0 .
INFO: [BD 41-1029] Generation completed for the IP Integrator block axi_bram_ctrl_0_bram .
INFO: [BD 41-1029] Generation completed for the IP Integrator block axi_gpio_0 .
WARNING: [IP_Flow 19-4994] Overwriting existing constraint file 'c:/Users/ruiz-/EEL4740_FinalProject/EEL4740_FinalProject.srcs/sources_1/bd/system/ip/system_auto_pc_3/system_auto_pc_3_ooc.xdc'
INFO: [BD 41-1029] Generation completed for the IP Integrator block ps7_0_axi_periph/m04_couplers/auto_pc .
WARNING: [IP_Flow 19-4994] Overwriting existing constraint file 'c:/Users/ruiz-/EEL4740_FinalProject/EEL4740_FinalProject.srcs/sources_1/bd/system/ip/system_auto_pc_2/system_auto_pc_2_ooc.xdc'
INFO: [BD 41-1029] Generation completed for the IP Integrator block ps7_0_axi_periph/m02_couplers/auto_pc .
WARNING: [IP_Flow 19-4994] Overwriting existing constraint file 'c:/Users/ruiz-/EEL4740_FinalProject/EEL4740_FinalProject.srcs/sources_1/bd/system/ip/system_auto_pc_1/system_auto_pc_1_ooc.xdc'
INFO: [BD 41-1029] Generation completed for the IP Integrator block ps7_0_axi_periph/m01_couplers/auto_pc .
WARNING: [IP_Flow 19-4994] Overwriting existing constraint file 'c:/Users/ruiz-/EEL4740_FinalProject/EEL4740_FinalProject.srcs/sources_1/bd/system/ip/system_auto_pc_0/system_auto_pc_0_ooc.xdc'
INFO: [BD 41-1029] Generation completed for the IP Integrator block ps7_0_axi_periph/m00_couplers/auto_pc .
WARNING: [IP_Flow 19-4994] Overwriting existing constraint file 'c:/Users/ruiz-/EEL4740_FinalProject/EEL4740_FinalProject.srcs/sources_1/bd/system/ip/system_auto_pc_4_1/system_auto_pc_4_ooc.xdc'
INFO: [BD 41-1029] Generation completed for the IP Integrator block ps7_0_axi_periph/s00_couplers/auto_pc .
Exporting to file C:/Users/ruiz-/EEL4740_FinalProject/EEL4740_FinalProject.srcs/sources_1/bd/system/hw_handoff/system.hwh
Generated Block Design Tcl file C:/Users/ruiz-/EEL4740_FinalProject/EEL4740_FinalProject.srcs/sources_1/bd/system/hw_handoff/system_bd.tcl
Generated Hardware Definition File C:/Users/ruiz-/EEL4740_FinalProject/EEL4740_FinalProject.srcs/sources_1/bd/system/synth/system.hwdef
INFO: [IP_Flow 19-4993] Using cached IP synthesis design for IP system_auto_pc_3, cache-ID = 271859feea5905da; cache size = 3.792 MB.
INFO: [IP_Flow 19-4993] Using cached IP synthesis design for IP system_auto_pc_2, cache-ID = 271859feea5905da; cache size = 3.792 MB.
INFO: [IP_Flow 19-4993] Using cached IP synthesis design for IP system_auto_pc_1, cache-ID = 271859feea5905da; cache size = 3.792 MB.
INFO: [IP_Flow 19-4993] Using cached IP synthesis design for IP system_auto_pc_0, cache-ID = 271859feea5905da; cache size = 3.792 MB.
INFO: [IP_Flow 19-4993] Using cached IP synthesis design for IP system_auto_pc_4, cache-ID = 4fdb4245bb00b9dc; cache size = 3.792 MB.
WARNING: [filemgmt 20-1318] Duplicate Design Unit 'system_ps7_0_axi_periph_0' found in library 'xil_defaultlib'
[Tue Nov 21 21:27:08 2023] Launched synth_1...
Run output will be captured here: C:/Users/ruiz-/EEL4740_FinalProject/EEL4740_FinalProject.runs/synth_1/runme.log
launch_runs: Time (s): cpu = 00:00:07 ; elapsed = 00:00:08 . Memory (MB): peak = 1189.746 ; gain = 111.652
launch_runs impl_1 -jobs 8
[Tue Nov 21 21:28:01 2023] Launched impl_1...
Run output will be captured here: C:/Users/ruiz-/EEL4740_FinalProject/EEL4740_FinalProject.runs/impl_1/runme.log
launch_runs impl_1 -to_step write_bitstream -jobs 8
[Tue Nov 21 21:38:50 2023] Launched impl_1...
Run output will be captured here: C:/Users/ruiz-/EEL4740_FinalProject/EEL4740_FinalProject.runs/impl_1/runme.log
file copy -force C:/Users/ruiz-/EEL4740_FinalProject/EEL4740_FinalProject.runs/impl_1/system_wrapper.sysdef C:/Users/ruiz-/EEL4740_FinalProject/EEL4740_FinalProject.sdk/system_wrapper.hdf

launch_sdk -workspace C:/Users/ruiz-/EEL4740_FinalProject/EEL4740_FinalProject.sdk -hwspec C:/Users/ruiz-/EEL4740_FinalProject/EEL4740_FinalProject.sdk/system_wrapper.hdf
INFO: [Vivado 12-393] Launching SDK...
INFO: [Vivado 12-417] Running xsdk -workspace C:/Users/ruiz-/EEL4740_FinalProject/EEL4740_FinalProject.sdk -hwspec C:/Users/ruiz-/EEL4740_FinalProject/EEL4740_FinalProject.sdk/system_wrapper.hdf
INFO: [Vivado 12-3157] SDK launch initiated. Please check console for any further messages.
launch_sdk -workspace C:/Users/ruiz-/EEL4740_FinalProject/EEL4740_FinalProject.sdk -hwspec C:/Users/ruiz-/EEL4740_FinalProject/EEL4740_FinalProject.sdk/system_wrapper.hdf
INFO: [Vivado 12-393] Launching SDK...
INFO: [Vivado 12-417] Running xsdk -workspace C:/Users/ruiz-/EEL4740_FinalProject/EEL4740_FinalProject.sdk -hwspec C:/Users/ruiz-/EEL4740_FinalProject/EEL4740_FinalProject.sdk/system_wrapper.hdf
INFO: [Vivado 12-3157] SDK launch initiated. Please check console for any further messages.
exit
INFO: [Common 17-206] Exiting Vivado at Tue Nov 21 22:21:34 2023...
