#-----------------------------------------------------------
# Vivado v2017.4 (64-bit)
# SW Build 2086221 on Fri Dec 15 20:55:39 MST 2017
# IP Build 2085800 on Fri Dec 15 22:25:07 MST 2017
# Start of session at: Fri Dec  1 11:06:24 2023
# Process ID: 37096
# Current directory: C:/Users/ruiz-/EEL4740_FinalProject
# Command line: vivado.exe -gui_launcher_event rodinguilauncherevent21828 C:\Users\ruiz-\EEL4740_FinalProject\EEL4740_FinalProject.xpr
# Log file: C:/Users/ruiz-/EEL4740_FinalProject/vivado.log
# Journal file: C:/Users/ruiz-/EEL4740_FinalProject\vivado.jou
#-----------------------------------------------------------
start_gui
open_project C:/Users/ruiz-/EEL4740_FinalProject/EEL4740_FinalProject.xpr
Scanning sources...
Finished scanning sources
INFO: [IP_Flow 19-234] Refreshing IP repositories
INFO: [IP_Flow 19-1700] Loaded user IP repository 'c:/Users/ruiz-/EEL4740_FinalProject/led_ip'.
INFO: [IP_Flow 19-2313] Loaded Vivado IP repository 'C:/Xilinx/Vivado/2017.4/data/ip'.
open_project: Time (s): cpu = 00:00:13 ; elapsed = 00:00:09 . Memory (MB): peak = 878.188 ; gain = 143.508
update_compile_order -fileset sources_1
exit
INFO: [Common 17-206] Exiting Vivado at Fri Dec  1 11:07:25 2023...
