
*** Running vivado
    with args -log system_led_ip_0_0.vds -m64 -product Vivado -mode batch -messageDb vivado.pb -notrace -source system_led_ip_0_0.tcl


****** Vivado v2017.4 (64-bit)
  **** SW Build 2086221 on Fri Dec 15 20:55:39 MST 2017
  **** IP Build 2085800 on Fri Dec 15 22:25:07 MST 2017
    ** Copyright 1986-2017 Xilinx, Inc. All Rights Reserved.

source system_led_ip_0_0.tcl -notrace
Command: synth_design -top system_led_ip_0_0 -part xc7z020clg400-1 -mode out_of_context
Starting synth_design
Attempting to get a license for feature 'Synthesis' and/or device 'xc7z020'
INFO: [Common 17-349] Got license for feature 'Synthesis' and/or device 'xc7z020'
INFO: Launching helper process for spawning children vivado processes
INFO: Helper process launched with PID 26896 
---------------------------------------------------------------------------------
Starting RTL Elaboration : Time (s): cpu = 00:00:09 ; elapsed = 00:00:11 . Memory (MB): peak = 379.676 ; gain = 99.668
---------------------------------------------------------------------------------
INFO: [Synth 8-638] synthesizing module 'system_led_ip_0_0' [c:/Users/ruiz-/EEL4740_Lab4/EEL4740_Lab4.srcs/sources_1/bd/system/ip/system_led_ip_0_0/synth/system_led_ip_0_0.vhd:83]
	Parameter LED_WIDTH bound to: 4 - type: integer 
	Parameter C_S_AXI_DATA_WIDTH bound to: 32 - type: integer 
	Parameter C_S_AXI_ADDR_WIDTH bound to: 4 - type: integer 
INFO: [Synth 8-3491] module 'led_ip_v1_0' declared at 'c:/Users/ruiz-/EEL4740_Lab4/EEL4740_Lab4.srcs/sources_1/bd/system/ipshared/e682/hdl/led_ip_v1_0.vhd:5' bound to instance 'U0' of component 'led_ip_v1_0' [c:/Users/ruiz-/EEL4740_Lab4/EEL4740_Lab4.srcs/sources_1/bd/system/ip/system_led_ip_0_0/synth/system_led_ip_0_0.vhd:150]
INFO: [Synth 8-638] synthesizing module 'led_ip_v1_0' [c:/Users/ruiz-/EEL4740_Lab4/EEL4740_Lab4.srcs/sources_1/bd/system/ipshared/e682/hdl/led_ip_v1_0.vhd:50]
	Parameter LED_WIDTH bound to: 4 - type: integer 
	Parameter C_S_AXI_DATA_WIDTH bound to: 32 - type: integer 
	Parameter C_S_AXI_ADDR_WIDTH bound to: 4 - type: integer 
	Parameter LED_WIDTH bound to: 4 - type: integer 
	Parameter C_S_AXI_DATA_WIDTH bound to: 32 - type: integer 
	Parameter C_S_AXI_ADDR_WIDTH bound to: 4 - type: integer 
INFO: [Synth 8-3491] module 'led_ip_v1_0_S_AXI' declared at 'c:/Users/ruiz-/EEL4740_Lab4/EEL4740_Lab4.srcs/sources_1/bd/system/ipshared/e682/hdl/led_ip_v1_0_S_AXI.vhd:5' bound to instance 'led_ip_v1_0_S_AXI_inst' of component 'led_ip_v1_0_S_AXI' [c:/Users/ruiz-/EEL4740_Lab4/EEL4740_Lab4.srcs/sources_1/bd/system/ipshared/e682/hdl/led_ip_v1_0.vhd:87]
INFO: [Synth 8-638] synthesizing module 'led_ip_v1_0_S_AXI' [c:/Users/ruiz-/EEL4740_Lab4/EEL4740_Lab4.srcs/sources_1/bd/system/ipshared/e682/hdl/led_ip_v1_0_S_AXI.vhd:86]
	Parameter LED_WIDTH bound to: 4 - type: integer 
	Parameter C_S_AXI_DATA_WIDTH bound to: 32 - type: integer 
	Parameter C_S_AXI_ADDR_WIDTH bound to: 4 - type: integer 
INFO: [Synth 8-226] default block is never used [c:/Users/ruiz-/EEL4740_Lab4/EEL4740_Lab4.srcs/sources_1/bd/system/ipshared/e682/hdl/led_ip_v1_0_S_AXI.vhd:235]
INFO: [Synth 8-226] default block is never used [c:/Users/ruiz-/EEL4740_Lab4/EEL4740_Lab4.srcs/sources_1/bd/system/ipshared/e682/hdl/led_ip_v1_0_S_AXI.vhd:365]
	Parameter LED_WIDTH bound to: 4 - type: integer 
INFO: [Synth 8-3491] module 'lab4_user_logic' declared at 'c:/Users/ruiz-/EEL4740_Lab4/EEL4740_Lab4.srcs/sources_1/bd/system/ipshared/e682/src/lab4_user_logic.vhd:5' bound to instance 'U1' of component 'lab4_user_logic' [c:/Users/ruiz-/EEL4740_Lab4/EEL4740_Lab4.srcs/sources_1/bd/system/ipshared/e682/hdl/led_ip_v1_0_S_AXI.vhd:399]
INFO: [Synth 8-638] synthesizing module 'lab4_user_logic' [c:/Users/ruiz-/EEL4740_Lab4/EEL4740_Lab4.srcs/sources_1/bd/system/ipshared/e682/src/lab4_user_logic.vhd:17]
	Parameter LED_WIDTH bound to: 4 - type: integer 
INFO: [Synth 8-256] done synthesizing module 'lab4_user_logic' (1#1) [c:/Users/ruiz-/EEL4740_Lab4/EEL4740_Lab4.srcs/sources_1/bd/system/ipshared/e682/src/lab4_user_logic.vhd:17]
WARNING: [Synth 8-6014] Unused sequential element loc_addr_reg was removed.  [c:/Users/ruiz-/EEL4740_Lab4/EEL4740_Lab4.srcs/sources_1/bd/system/ipshared/e682/hdl/led_ip_v1_0_S_AXI.vhd:233]
INFO: [Synth 8-256] done synthesizing module 'led_ip_v1_0_S_AXI' (2#1) [c:/Users/ruiz-/EEL4740_Lab4/EEL4740_Lab4.srcs/sources_1/bd/system/ipshared/e682/hdl/led_ip_v1_0_S_AXI.vhd:86]
INFO: [Synth 8-256] done synthesizing module 'led_ip_v1_0' (3#1) [c:/Users/ruiz-/EEL4740_Lab4/EEL4740_Lab4.srcs/sources_1/bd/system/ipshared/e682/hdl/led_ip_v1_0.vhd:50]
INFO: [Synth 8-256] done synthesizing module 'system_led_ip_0_0' (4#1) [c:/Users/ruiz-/EEL4740_Lab4/EEL4740_Lab4.srcs/sources_1/bd/system/ip/system_led_ip_0_0/synth/system_led_ip_0_0.vhd:83]
WARNING: [Synth 8-3331] design lab4_user_logic has unconnected port S_AXI_WDATA[31]
WARNING: [Synth 8-3331] design lab4_user_logic has unconnected port S_AXI_WDATA[30]
WARNING: [Synth 8-3331] design lab4_user_logic has unconnected port S_AXI_WDATA[29]
WARNING: [Synth 8-3331] design lab4_user_logic has unconnected port S_AXI_WDATA[28]
WARNING: [Synth 8-3331] design lab4_user_logic has unconnected port S_AXI_WDATA[27]
WARNING: [Synth 8-3331] design lab4_user_logic has unconnected port S_AXI_WDATA[26]
WARNING: [Synth 8-3331] design lab4_user_logic has unconnected port S_AXI_WDATA[25]
WARNING: [Synth 8-3331] design lab4_user_logic has unconnected port S_AXI_WDATA[24]
WARNING: [Synth 8-3331] design lab4_user_logic has unconnected port S_AXI_WDATA[23]
WARNING: [Synth 8-3331] design lab4_user_logic has unconnected port S_AXI_WDATA[22]
WARNING: [Synth 8-3331] design lab4_user_logic has unconnected port S_AXI_WDATA[21]
WARNING: [Synth 8-3331] design lab4_user_logic has unconnected port S_AXI_WDATA[20]
WARNING: [Synth 8-3331] design lab4_user_logic has unconnected port S_AXI_WDATA[19]
WARNING: [Synth 8-3331] design lab4_user_logic has unconnected port S_AXI_WDATA[18]
WARNING: [Synth 8-3331] design lab4_user_logic has unconnected port S_AXI_WDATA[17]
WARNING: [Synth 8-3331] design lab4_user_logic has unconnected port S_AXI_WDATA[16]
WARNING: [Synth 8-3331] design lab4_user_logic has unconnected port S_AXI_WDATA[15]
WARNING: [Synth 8-3331] design lab4_user_logic has unconnected port S_AXI_WDATA[14]
WARNING: [Synth 8-3331] design lab4_user_logic has unconnected port S_AXI_WDATA[13]
WARNING: [Synth 8-3331] design lab4_user_logic has unconnected port S_AXI_WDATA[12]
WARNING: [Synth 8-3331] design lab4_user_logic has unconnected port S_AXI_WDATA[11]
WARNING: [Synth 8-3331] design lab4_user_logic has unconnected port S_AXI_WDATA[10]
WARNING: [Synth 8-3331] design lab4_user_logic has unconnected port S_AXI_WDATA[9]
WARNING: [Synth 8-3331] design lab4_user_logic has unconnected port S_AXI_WDATA[8]
WARNING: [Synth 8-3331] design lab4_user_logic has unconnected port S_AXI_WDATA[7]
WARNING: [Synth 8-3331] design lab4_user_logic has unconnected port S_AXI_WDATA[6]
WARNING: [Synth 8-3331] design lab4_user_logic has unconnected port S_AXI_WDATA[5]
WARNING: [Synth 8-3331] design lab4_user_logic has unconnected port S_AXI_WDATA[4]
WARNING: [Synth 8-3331] design led_ip_v1_0_S_AXI has unconnected port S_AXI_AWPROT[2]
WARNING: [Synth 8-3331] design led_ip_v1_0_S_AXI has unconnected port S_AXI_AWPROT[1]
WARNING: [Synth 8-3331] design led_ip_v1_0_S_AXI has unconnected port S_AXI_AWPROT[0]
WARNING: [Synth 8-3331] design led_ip_v1_0_S_AXI has unconnected port S_AXI_ARPROT[2]
WARNING: [Synth 8-3331] design led_ip_v1_0_S_AXI has unconnected port S_AXI_ARPROT[1]
WARNING: [Synth 8-3331] design led_ip_v1_0_S_AXI has unconnected port S_AXI_ARPROT[0]
---------------------------------------------------------------------------------
Finished RTL Elaboration : Time (s): cpu = 00:00:10 ; elapsed = 00:00:13 . Memory (MB): peak = 432.473 ; gain = 152.465
---------------------------------------------------------------------------------

Report Check Netlist: 
+------+------------------+-------+---------+-------+------------------+
|      |Item              |Errors |Warnings |Status |Description       |
+------+------------------+-------+---------+-------+------------------+
|1     |multi_driven_nets |      0|        0|Passed |Multi driven nets |
+------+------------------+-------+---------+-------+------------------+
---------------------------------------------------------------------------------
Finished RTL Optimization Phase 1 : Time (s): cpu = 00:00:10 ; elapsed = 00:00:13 . Memory (MB): peak = 432.473 ; gain = 152.465
---------------------------------------------------------------------------------
INFO: [Device 21-403] Loading part xc7z020clg400-1
INFO: [Project 1-570] Preparing netlist for logic optimization

Processing XDC Constraints
Initializing timing engine
Completed Processing XDC Constraints

INFO: [Project 1-111] Unisim Transformation Summary:
No Unisim elements were transformed.

Constraint Validation Runtime : Time (s): cpu = 00:00:00 ; elapsed = 00:00:00.031 . Memory (MB): peak = 778.980 ; gain = 0.000
---------------------------------------------------------------------------------
Finished Constraint Validation : Time (s): cpu = 00:00:28 ; elapsed = 00:00:38 . Memory (MB): peak = 778.980 ; gain = 498.973
---------------------------------------------------------------------------------
---------------------------------------------------------------------------------
Start Loading Part and Timing Information
---------------------------------------------------------------------------------
Loading part: xc7z020clg400-1
---------------------------------------------------------------------------------
Finished Loading Part and Timing Information : Time (s): cpu = 00:00:28 ; elapsed = 00:00:38 . Memory (MB): peak = 778.980 ; gain = 498.973
---------------------------------------------------------------------------------
---------------------------------------------------------------------------------
Start Applying 'set_property' XDC Constraints
---------------------------------------------------------------------------------
---------------------------------------------------------------------------------
Finished applying 'set_property' XDC Constraints : Time (s): cpu = 00:00:28 ; elapsed = 00:00:38 . Memory (MB): peak = 778.980 ; gain = 498.973
---------------------------------------------------------------------------------
---------------------------------------------------------------------------------
Finished RTL Optimization Phase 2 : Time (s): cpu = 00:00:29 ; elapsed = 00:00:38 . Memory (MB): peak = 778.980 ; gain = 498.973
---------------------------------------------------------------------------------

Report RTL Partitions: 
+-+--------------+------------+----------+
| |RTL Partition |Replication |Instances |
+-+--------------+------------+----------+
+-+--------------+------------+----------+
---------------------------------------------------------------------------------
Start RTL Component Statistics 
---------------------------------------------------------------------------------
Detailed RTL Component Info : 
+---Registers : 
	               32 Bit    Registers := 5     
	                4 Bit    Registers := 3     
	                2 Bit    Registers := 2     
	                1 Bit    Registers := 6     
+---Muxes : 
	   2 Input     32 Bit        Muxes := 4     
	   4 Input     32 Bit        Muxes := 5     
	   2 Input      1 Bit        Muxes := 5     
---------------------------------------------------------------------------------
Finished RTL Component Statistics 
---------------------------------------------------------------------------------
---------------------------------------------------------------------------------
Start RTL Hierarchical Component Statistics 
---------------------------------------------------------------------------------
Hierarchical RTL Component report 
Module lab4_user_logic 
Detailed RTL Component Info : 
+---Registers : 
	                4 Bit    Registers := 1     
Module led_ip_v1_0_S_AXI 
Detailed RTL Component Info : 
+---Registers : 
	               32 Bit    Registers := 5     
	                4 Bit    Registers := 2     
	                2 Bit    Registers := 2     
	                1 Bit    Registers := 6     
+---Muxes : 
	   2 Input     32 Bit        Muxes := 4     
	   4 Input     32 Bit        Muxes := 5     
	   2 Input      1 Bit        Muxes := 5     
---------------------------------------------------------------------------------
Finished RTL Hierarchical Component Statistics
---------------------------------------------------------------------------------
---------------------------------------------------------------------------------
Start Part Resource Summary
---------------------------------------------------------------------------------
Part Resources:
DSPs: 220 (col length:60)
BRAMs: 280 (col length: RAMB18 60 RAMB36 30)
---------------------------------------------------------------------------------
Finished Part Resource Summary
---------------------------------------------------------------------------------
---------------------------------------------------------------------------------
Start Cross Boundary and Area Optimization
---------------------------------------------------------------------------------
WARNING: [Synth 8-3331] design system_led_ip_0_0 has unconnected port s_axi_awprot[2]
WARNING: [Synth 8-3331] design system_led_ip_0_0 has unconnected port s_axi_awprot[1]
WARNING: [Synth 8-3331] design system_led_ip_0_0 has unconnected port s_axi_awprot[0]
WARNING: [Synth 8-3331] design system_led_ip_0_0 has unconnected port s_axi_arprot[2]
WARNING: [Synth 8-3331] design system_led_ip_0_0 has unconnected port s_axi_arprot[1]
WARNING: [Synth 8-3331] design system_led_ip_0_0 has unconnected port s_axi_arprot[0]
INFO: [Synth 8-3333] propagating constant 1 across sequential element (\U0/led_ip_v1_0_S_AXI_inst/aw_en_reg )
INFO: [Synth 8-3886] merging instance 'U0/led_ip_v1_0_S_AXI_inst/axi_rresp_reg[0]' (FDRE) to 'U0/led_ip_v1_0_S_AXI_inst/axi_rresp_reg[1]'
INFO: [Synth 8-3333] propagating constant 0 across sequential element (\U0/led_ip_v1_0_S_AXI_inst/axi_rresp_reg[1] )
INFO: [Synth 8-3886] merging instance 'U0/led_ip_v1_0_S_AXI_inst/axi_bresp_reg[0]' (FDRE) to 'U0/led_ip_v1_0_S_AXI_inst/axi_bresp_reg[1]'
INFO: [Synth 8-3333] propagating constant 0 across sequential element (\U0/led_ip_v1_0_S_AXI_inst/axi_bresp_reg[1] )
INFO: [Synth 8-3332] Sequential element (U0/led_ip_v1_0_S_AXI_inst/aw_en_reg) is unused and will be removed from module system_led_ip_0_0.
INFO: [Synth 8-3332] Sequential element (U0/led_ip_v1_0_S_AXI_inst/axi_bresp_reg[1]) is unused and will be removed from module system_led_ip_0_0.
INFO: [Synth 8-3332] Sequential element (U0/led_ip_v1_0_S_AXI_inst/axi_awaddr_reg[1]) is unused and will be removed from module system_led_ip_0_0.
INFO: [Synth 8-3332] Sequential element (U0/led_ip_v1_0_S_AXI_inst/axi_awaddr_reg[0]) is unused and will be removed from module system_led_ip_0_0.
INFO: [Synth 8-3332] Sequential element (U0/led_ip_v1_0_S_AXI_inst/axi_araddr_reg[1]) is unused and will be removed from module system_led_ip_0_0.
INFO: [Synth 8-3332] Sequential element (U0/led_ip_v1_0_S_AXI_inst/axi_araddr_reg[0]) is unused and will be removed from module system_led_ip_0_0.
INFO: [Synth 8-3332] Sequential element (U0/led_ip_v1_0_S_AXI_inst/axi_rresp_reg[1]) is unused and will be removed from module system_led_ip_0_0.
---------------------------------------------------------------------------------
Finished Cross Boundary and Area Optimization : Time (s): cpu = 00:00:30 ; elapsed = 00:00:40 . Memory (MB): peak = 778.980 ; gain = 498.973
---------------------------------------------------------------------------------

Report RTL Partitions: 
+-+--------------+------------+----------+
| |RTL Partition |Replication |Instances |
+-+--------------+------------+----------+
+-+--------------+------------+----------+
---------------------------------------------------------------------------------
Start Applying XDC Timing Constraints
---------------------------------------------------------------------------------
---------------------------------------------------------------------------------
Finished Applying XDC Timing Constraints : Time (s): cpu = 00:00:48 ; elapsed = 00:01:03 . Memory (MB): peak = 782.773 ; gain = 502.766
---------------------------------------------------------------------------------
---------------------------------------------------------------------------------
Start Timing Optimization
---------------------------------------------------------------------------------
---------------------------------------------------------------------------------
Finished Timing Optimization : Time (s): cpu = 00:00:48 ; elapsed = 00:01:03 . Memory (MB): peak = 782.996 ; gain = 502.988
---------------------------------------------------------------------------------

Report RTL Partitions: 
+-+--------------+------------+----------+
| |RTL Partition |Replication |Instances |
+-+--------------+------------+----------+
+-+--------------+------------+----------+
---------------------------------------------------------------------------------
Start Technology Mapping
---------------------------------------------------------------------------------
---------------------------------------------------------------------------------
Finished Technology Mapping : Time (s): cpu = 00:00:48 ; elapsed = 00:01:03 . Memory (MB): peak = 803.391 ; gain = 523.383
---------------------------------------------------------------------------------

Report RTL Partitions: 
+-+--------------+------------+----------+
| |RTL Partition |Replication |Instances |
+-+--------------+------------+----------+
+-+--------------+------------+----------+
---------------------------------------------------------------------------------
Start IO Insertion
---------------------------------------------------------------------------------
---------------------------------------------------------------------------------
Start Flattening Before IO Insertion
---------------------------------------------------------------------------------
---------------------------------------------------------------------------------
Finished Flattening Before IO Insertion
---------------------------------------------------------------------------------
---------------------------------------------------------------------------------
Start Final Netlist Cleanup
---------------------------------------------------------------------------------
---------------------------------------------------------------------------------
Finished Final Netlist Cleanup
---------------------------------------------------------------------------------
---------------------------------------------------------------------------------
Finished IO Insertion : Time (s): cpu = 00:00:50 ; elapsed = 00:01:06 . Memory (MB): peak = 803.391 ; gain = 523.383
---------------------------------------------------------------------------------

Report Check Netlist: 
+------+------------------+-------+---------+-------+------------------+
|      |Item              |Errors |Warnings |Status |Description       |
+------+------------------+-------+---------+-------+------------------+
|1     |multi_driven_nets |      0|        0|Passed |Multi driven nets |
+------+------------------+-------+---------+-------+------------------+
---------------------------------------------------------------------------------
Start Renaming Generated Instances
---------------------------------------------------------------------------------
---------------------------------------------------------------------------------
Finished Renaming Generated Instances : Time (s): cpu = 00:00:50 ; elapsed = 00:01:06 . Memory (MB): peak = 803.391 ; gain = 523.383
---------------------------------------------------------------------------------

Report RTL Partitions: 
+-+--------------+------------+----------+
| |RTL Partition |Replication |Instances |
+-+--------------+------------+----------+
+-+--------------+------------+----------+
---------------------------------------------------------------------------------
Start Rebuilding User Hierarchy
---------------------------------------------------------------------------------
---------------------------------------------------------------------------------
Finished Rebuilding User Hierarchy : Time (s): cpu = 00:00:50 ; elapsed = 00:01:06 . Memory (MB): peak = 803.391 ; gain = 523.383
---------------------------------------------------------------------------------
---------------------------------------------------------------------------------
Start Renaming Generated Ports
---------------------------------------------------------------------------------
---------------------------------------------------------------------------------
Finished Renaming Generated Ports : Time (s): cpu = 00:00:50 ; elapsed = 00:01:06 . Memory (MB): peak = 803.391 ; gain = 523.383
---------------------------------------------------------------------------------
---------------------------------------------------------------------------------
Start Handling Custom Attributes
---------------------------------------------------------------------------------
---------------------------------------------------------------------------------
Finished Handling Custom Attributes : Time (s): cpu = 00:00:50 ; elapsed = 00:01:06 . Memory (MB): peak = 803.391 ; gain = 523.383
---------------------------------------------------------------------------------
---------------------------------------------------------------------------------
Start Renaming Generated Nets
---------------------------------------------------------------------------------
---------------------------------------------------------------------------------
Finished Renaming Generated Nets : Time (s): cpu = 00:00:50 ; elapsed = 00:01:06 . Memory (MB): peak = 803.391 ; gain = 523.383
---------------------------------------------------------------------------------
---------------------------------------------------------------------------------
Start Writing Synthesis Report
---------------------------------------------------------------------------------

Report BlackBoxes: 
+-+--------------+----------+
| |BlackBox name |Instances |
+-+--------------+----------+
+-+--------------+----------+

Report Cell Usage: 
+------+-----+------+
|      |Cell |Count |
+------+-----+------+
|1     |LUT1 |     1|
|2     |LUT2 |     1|
|3     |LUT3 |     3|
|4     |LUT4 |    20|
|5     |LUT5 |     2|
|6     |LUT6 |    34|
|7     |FDRE |   171|
|8     |FDSE |     2|
+------+-----+------+

Report Instance Areas: 
+------+---------------------------+------------------+------+
|      |Instance                   |Module            |Cells |
+------+---------------------------+------------------+------+
|1     |top                        |                  |   234|
|2     |  U0                       |led_ip_v1_0       |   234|
|3     |    led_ip_v1_0_S_AXI_inst |led_ip_v1_0_S_AXI |   234|
|4     |      U1                   |lab4_user_logic   |     6|
+------+---------------------------+------------------+------+
---------------------------------------------------------------------------------
Finished Writing Synthesis Report : Time (s): cpu = 00:00:50 ; elapsed = 00:01:06 . Memory (MB): peak = 803.391 ; gain = 523.383
---------------------------------------------------------------------------------
Synthesis finished with 0 errors, 0 critical warnings and 6 warnings.
Synthesis Optimization Runtime : Time (s): cpu = 00:00:31 ; elapsed = 00:00:54 . Memory (MB): peak = 803.391 ; gain = 176.875
Synthesis Optimization Complete : Time (s): cpu = 00:00:50 ; elapsed = 00:01:06 . Memory (MB): peak = 803.391 ; gain = 523.383
INFO: [Project 1-571] Translating synthesized netlist
INFO: [Project 1-570] Preparing netlist for logic optimization
INFO: [Opt 31-138] Pushed 0 inverter(s) to 0 load pin(s).
INFO: [Project 1-111] Unisim Transformation Summary:
No Unisim elements were transformed.

INFO: [Common 17-83] Releasing license: Synthesis
34 Infos, 41 Warnings, 0 Critical Warnings and 0 Errors encountered.
synth_design completed successfully
synth_design: Time (s): cpu = 00:00:53 ; elapsed = 00:01:10 . Memory (MB): peak = 804.262 ; gain = 535.754
INFO: [Common 17-1381] The checkpoint 'C:/Users/ruiz-/EEL4740_Lab4/EEL4740_Lab4.runs/system_led_ip_0_0_synth_1/system_led_ip_0_0.dcp' has been generated.
INFO: [Coretcl 2-1482] Added synthesis output to IP cache for IP c:/Users/ruiz-/EEL4740_Lab4/EEL4740_Lab4.srcs/sources_1/bd/system/ip/system_led_ip_0_0/system_led_ip_0_0.xci
INFO: [Coretcl 2-1174] Renamed 3 cell refs.
INFO: [Common 17-1381] The checkpoint 'C:/Users/ruiz-/EEL4740_Lab4/EEL4740_Lab4.runs/system_led_ip_0_0_synth_1/system_led_ip_0_0.dcp' has been generated.
INFO: [runtcl-4] Executing : report_utilization -file system_led_ip_0_0_utilization_synth.rpt -pb system_led_ip_0_0_utilization_synth.pb
report_utilization: Time (s): cpu = 00:00:00 ; elapsed = 00:00:00.094 . Memory (MB): peak = 804.262 ; gain = 0.000
INFO: [Common 17-206] Exiting Vivado at Thu Nov  9 12:57:11 2023...
